[0m00:07:33.938221 [debug] [MainThread]: Sending event: {'category': 'dbt', 'action': 'invocation', 'label': 'start', 'context': [<snowplow_tracker.self_describing_json.SelfDescribingJson object at 0x7f93f1b09af0>, <snowplow_tracker.self_describing_json.SelfDescribingJson object at 0x7f93f01e3910>, <snowplow_tracker.self_describing_json.SelfDescribingJson object at 0x7f93f2d848e0>]}


============================== 00:07:33.941370 | f8639241-252a-4e69-9bb2-4040263de53b ==============================
[0m00:07:33.941370 [info ] [MainThread]: Running with dbt=1.7.13
[0m00:07:33.941804 [debug] [MainThread]: running dbt with arguments {'printer_width': '80', 'indirect_selection': 'eager', 'log_cache_events': 'False', 'write_json': 'True', 'partial_parse': 'True', 'cache_selected_only': 'False', 'profiles_dir': '/Users/romualdchristialtcheutchoua/.dbt', 'debug': 'False', 'warn_error': 'None', 'log_path': 'logs', 'version_check': 'True', 'fail_fast': 'False', 'use_colors': 'True', 'use_experimental_parser': 'False', 'no_print': 'None', 'quiet': 'False', 'warn_error_options': 'WarnErrorOptions(include=[], exclude=[])', 'introspect': 'True', 'static_parser': 'True', 'log_format': 'default', 'target_path': 'None', 'invocation_command': 'dbt init', 'send_anonymous_usage_stats': 'True'}
[0m00:07:33.942220 [warn ] [MainThread]: [ConfigFolderDirectory]: Unable to parse dict {'dir': PosixPath('/Users/romualdchristialtcheutchoua/.dbt')}
[0m00:07:33.942464 [info ] [MainThread]: Creating dbt configuration folder at 
[0m00:08:18.066019 [debug] [MainThread]: Starter project path: /Users/romualdchristialtcheutchoua/opt/anaconda3/envs/Data-Engineering-project/lib/python3.9/site-packages/dbt/include/starter_project
[0m00:08:18.077002 [info ] [MainThread]: 
Your new dbt project "my_dbt_project" was created!

For more information on how to configure the profiles.yml file,
please consult the dbt documentation here:

  https://docs.getdbt.com/docs/configure-your-profile

One more thing:

Need help? Don't hesitate to reach out to us via GitHub issues or on Slack:

  https://community.getdbt.com/

Happy modeling!

[0m00:08:18.077629 [info ] [MainThread]: Setting up your profile.
[0m00:13:08.432229 [debug] [MainThread]: Traceback (most recent call last):
  File "/Users/romualdchristialtcheutchoua/opt/anaconda3/envs/Data-Engineering-project/lib/python3.9/site-packages/dbt/adapters/factory.py", line 58, in load_plugin
    mod: Any = import_module("." + name, "dbt.adapters")
  File "/Users/romualdchristialtcheutchoua/opt/anaconda3/envs/Data-Engineering-project/lib/python3.9/importlib/__init__.py", line 127, in import_module
    return _bootstrap._gcd_import(name[level:], package, level)
  File "<frozen importlib._bootstrap>", line 1030, in _gcd_import
  File "<frozen importlib._bootstrap>", line 1007, in _find_and_load
  File "<frozen importlib._bootstrap>", line 986, in _find_and_load_unlocked
  File "<frozen importlib._bootstrap>", line 680, in _load_unlocked
  File "<frozen importlib._bootstrap_external>", line 850, in exec_module
  File "<frozen importlib._bootstrap>", line 228, in _call_with_frames_removed
  File "/Users/romualdchristialtcheutchoua/opt/anaconda3/envs/Data-Engineering-project/lib/python3.9/site-packages/dbt/adapters/bigquery/__init__.py", line 1, in <module>
    from dbt.adapters.bigquery.connections import BigQueryConnectionManager  # noqa
  File "/Users/romualdchristialtcheutchoua/opt/anaconda3/envs/Data-Engineering-project/lib/python3.9/site-packages/dbt/adapters/bigquery/connections.py", line 10, in <module>
    import google.auth
ModuleNotFoundError: No module named 'google.auth'

[0m00:13:08.436375 [error] [MainThread]: Encountered an error:
No module named 'google.auth'
[0m00:13:08.438797 [error] [MainThread]: Traceback (most recent call last):
  File "/Users/romualdchristialtcheutchoua/opt/anaconda3/envs/Data-Engineering-project/lib/python3.9/site-packages/dbt/cli/requires.py", line 91, in wrapper
    result, success = func(*args, **kwargs)
  File "/Users/romualdchristialtcheutchoua/opt/anaconda3/envs/Data-Engineering-project/lib/python3.9/site-packages/dbt/cli/requires.py", line 76, in wrapper
    return func(*args, **kwargs)
  File "/Users/romualdchristialtcheutchoua/opt/anaconda3/envs/Data-Engineering-project/lib/python3.9/site-packages/dbt/cli/main.py", line 515, in init
    results = task.run()
  File "/Users/romualdchristialtcheutchoua/opt/anaconda3/envs/Data-Engineering-project/lib/python3.9/site-packages/dbt/task/init.py", line 344, in run
    self.setup_profile(profile_name)
  File "/Users/romualdchristialtcheutchoua/opt/anaconda3/envs/Data-Engineering-project/lib/python3.9/site-packages/dbt/task/init.py", line 264, in setup_profile
    self.create_profile_from_target(adapter, profile_name=profile_name)
  File "/Users/romualdchristialtcheutchoua/opt/anaconda3/envs/Data-Engineering-project/lib/python3.9/site-packages/dbt/task/init.py", line 174, in create_profile_from_target
    load_plugin(adapter)
  File "/Users/romualdchristialtcheutchoua/opt/anaconda3/envs/Data-Engineering-project/lib/python3.9/site-packages/dbt/adapters/factory.py", line 212, in load_plugin
    return FACTORY.load_plugin(name)
  File "/Users/romualdchristialtcheutchoua/opt/anaconda3/envs/Data-Engineering-project/lib/python3.9/site-packages/dbt/adapters/factory.py", line 58, in load_plugin
    mod: Any = import_module("." + name, "dbt.adapters")
  File "/Users/romualdchristialtcheutchoua/opt/anaconda3/envs/Data-Engineering-project/lib/python3.9/importlib/__init__.py", line 127, in import_module
    return _bootstrap._gcd_import(name[level:], package, level)
  File "<frozen importlib._bootstrap>", line 1030, in _gcd_import
  File "<frozen importlib._bootstrap>", line 1007, in _find_and_load
  File "<frozen importlib._bootstrap>", line 986, in _find_and_load_unlocked
  File "<frozen importlib._bootstrap>", line 680, in _load_unlocked
  File "<frozen importlib._bootstrap_external>", line 850, in exec_module
  File "<frozen importlib._bootstrap>", line 228, in _call_with_frames_removed
  File "/Users/romualdchristialtcheutchoua/opt/anaconda3/envs/Data-Engineering-project/lib/python3.9/site-packages/dbt/adapters/bigquery/__init__.py", line 1, in <module>
    from dbt.adapters.bigquery.connections import BigQueryConnectionManager  # noqa
  File "/Users/romualdchristialtcheutchoua/opt/anaconda3/envs/Data-Engineering-project/lib/python3.9/site-packages/dbt/adapters/bigquery/connections.py", line 10, in <module>
    import google.auth
ModuleNotFoundError: No module named 'google.auth'

[0m00:13:08.516376 [debug] [MainThread]: Resource report: {"command_name": "init", "command_wall_clock_time": 334.60504, "process_user_time": 1.275402, "process_kernel_time": 0.149835, "process_mem_max_rss": "94011392", "command_success": false, "process_in_blocks": "0", "process_out_blocks": "0"}
[0m00:13:08.518359 [debug] [MainThread]: Command `dbt init` failed at 00:13:08.517775 after 334.61 seconds
[0m00:13:08.519389 [debug] [MainThread]: Sending event: {'category': 'dbt', 'action': 'invocation', 'label': 'end', 'context': [<snowplow_tracker.self_describing_json.SelfDescribingJson object at 0x7f93f1b09af0>, <snowplow_tracker.self_describing_json.SelfDescribingJson object at 0x7f93f2da56d0>, <snowplow_tracker.self_describing_json.SelfDescribingJson object at 0x7f93e0bf53a0>]}
[0m00:13:08.520466 [debug] [MainThread]: Flushing usage events
[0m00:14:59.881896 [debug] [MainThread]: Sending event: {'category': 'dbt', 'action': 'invocation', 'label': 'start', 'context': [<snowplow_tracker.self_describing_json.SelfDescribingJson object at 0x7f7f31c19a90>, <snowplow_tracker.self_describing_json.SelfDescribingJson object at 0x7f7f301e3910>, <snowplow_tracker.self_describing_json.SelfDescribingJson object at 0x7f7f3316c910>]}


============================== 00:14:59.885172 | 8d5e9876-2920-48fb-86fa-70c57ae8e50a ==============================
[0m00:14:59.885172 [info ] [MainThread]: Running with dbt=1.7.13
[0m00:14:59.885598 [debug] [MainThread]: running dbt with arguments {'printer_width': '80', 'indirect_selection': 'eager', 'write_json': 'True', 'log_cache_events': 'False', 'partial_parse': 'True', 'cache_selected_only': 'False', 'warn_error': 'None', 'fail_fast': 'False', 'profiles_dir': '/Users/romualdchristialtcheutchoua/.dbt', 'log_path': 'logs', 'debug': 'False', 'version_check': 'True', 'use_colors': 'True', 'use_experimental_parser': 'False', 'no_print': 'None', 'quiet': 'False', 'warn_error_options': 'WarnErrorOptions(include=[], exclude=[])', 'static_parser': 'True', 'log_format': 'default', 'invocation_command': 'dbt init', 'target_path': 'None', 'introspect': 'True', 'send_anonymous_usage_stats': 'True'}
[0m00:15:18.421888 [info ] [MainThread]: A project called my_dbt_project already exists here.
[0m00:15:18.436331 [debug] [MainThread]: Resource report: {"command_name": "init", "command_success": true, "command_wall_clock_time": 18.582218, "process_user_time": 1.229609, "process_kernel_time": 0.133595, "process_mem_max_rss": "92422144", "process_in_blocks": "0", "process_out_blocks": "0"}
[0m00:15:18.438759 [debug] [MainThread]: Command `dbt init` succeeded at 00:15:18.437926 after 18.59 seconds
[0m00:15:18.440031 [debug] [MainThread]: Sending event: {'category': 'dbt', 'action': 'invocation', 'label': 'end', 'context': [<snowplow_tracker.self_describing_json.SelfDescribingJson object at 0x7f7f31c19a90>, <snowplow_tracker.self_describing_json.SelfDescribingJson object at 0x7f7f301fe550>, <snowplow_tracker.self_describing_json.SelfDescribingJson object at 0x7f7f3315bdc0>]}
[0m00:15:18.441197 [debug] [MainThread]: Flushing usage events
[0m00:20:44.086539 [debug] [MainThread]: Sending event: {'category': 'dbt', 'action': 'invocation', 'label': 'start', 'context': [<snowplow_tracker.self_describing_json.SelfDescribingJson object at 0x7f84b9622be0>, <snowplow_tracker.self_describing_json.SelfDescribingJson object at 0x7f84ba953c40>, <snowplow_tracker.self_describing_json.SelfDescribingJson object at 0x7f84ba9530a0>]}


============================== 00:20:44.090250 | db86aa23-1e79-4677-86dd-a65aac2bd809 ==============================
[0m00:20:44.090250 [info ] [MainThread]: Running with dbt=1.7.13
[0m00:20:44.090722 [debug] [MainThread]: running dbt with arguments {'printer_width': '80', 'indirect_selection': 'eager', 'log_cache_events': 'False', 'write_json': 'True', 'partial_parse': 'True', 'cache_selected_only': 'False', 'profiles_dir': '/Users/romualdchristialtcheutchoua/.dbt', 'debug': 'False', 'version_check': 'True', 'log_path': 'logs', 'warn_error': 'None', 'fail_fast': 'False', 'use_colors': 'True', 'use_experimental_parser': 'False', 'no_print': 'None', 'quiet': 'False', 'log_format': 'default', 'introspect': 'True', 'warn_error_options': 'WarnErrorOptions(include=[], exclude=[])', 'static_parser': 'True', 'target_path': 'None', 'invocation_command': 'dbt debug', 'send_anonymous_usage_stats': 'True'}
[0m00:20:44.091231 [info ] [MainThread]: dbt version: 1.7.13
[0m00:20:44.091478 [info ] [MainThread]: python version: 3.9.19
[0m00:20:44.091701 [info ] [MainThread]: python path: /Users/romualdchristialtcheutchoua/opt/anaconda3/envs/Data-Engineering-project/bin/python
[0m00:20:44.091916 [info ] [MainThread]: os info: macOS-10.16-x86_64-i386-64bit
[0m00:20:44.092160 [info ] [MainThread]: Using profiles dir at /Users/romualdchristialtcheutchoua/.dbt
[0m00:20:44.092377 [info ] [MainThread]: Using profiles.yml file at /Users/romualdchristialtcheutchoua/.dbt/profiles.yml
[0m00:20:44.092590 [info ] [MainThread]: Using dbt_project.yml file at /Users/romualdchristialtcheutchoua/Data-Engineering/my_dbt_project/dbt_project.yml
[0m00:20:44.092812 [info ] [MainThread]: Configuration:
[0m00:20:44.093023 [info ] [MainThread]:   profiles.yml file [[31mERROR not found[0m]
[0m00:20:44.093231 [info ] [MainThread]:   dbt_project.yml file [[31mERROR not found[0m]
[0m00:20:44.093439 [info ] [MainThread]: Required dependencies:
[0m00:20:44.093708 [debug] [MainThread]: Executing "git --help"
[0m00:20:44.170573 [debug] [MainThread]: STDOUT: "b"usage: git [-v | --version] [-h | --help] [-C <path>] [-c <name>=<value>]\n           [--exec-path[=<path>]] [--html-path] [--man-path] [--info-path]\n           [-p | --paginate | -P | --no-pager] [--no-replace-objects] [--bare]\n           [--git-dir=<path>] [--work-tree=<path>] [--namespace=<name>]\n           [--super-prefix=<path>] [--config-env=<name>=<envvar>]\n           <command> [<args>]\n\nThese are common Git commands used in various situations:\n\nstart a working area (see also: git help tutorial)\n   clone     Clone a repository into a new directory\n   init      Create an empty Git repository or reinitialize an existing one\n\nwork on the current change (see also: git help everyday)\n   add       Add file contents to the index\n   mv        Move or rename a file, a directory, or a symlink\n   restore   Restore working tree files\n   rm        Remove files from the working tree and from the index\n\nexamine the history and state (see also: git help revisions)\n   bisect    Use binary search to find the commit that introduced a bug\n   diff      Show changes between commits, commit and working tree, etc\n   grep      Print lines matching a pattern\n   log       Show commit logs\n   show      Show various types of objects\n   status    Show the working tree status\n\ngrow, mark and tweak your common history\n   branch    List, create, or delete branches\n   commit    Record changes to the repository\n   merge     Join two or more development histories together\n   rebase    Reapply commits on top of another base tip\n   reset     Reset current HEAD to the specified state\n   switch    Switch branches\n   tag       Create, list, delete or verify a tag object signed with GPG\n\ncollaborate (see also: git help workflows)\n   fetch     Download objects and refs from another repository\n   pull      Fetch from and integrate with another repository or a local branch\n   push      Update remote refs along with associated objects\n\n'git help -a' and 'git help -g' list available subcommands and some\nconcept guides. See 'git help <command>' or 'git help <concept>'\nto read about a specific subcommand or concept.\nSee 'git help git' for an overview of the system.\n""
[0m00:20:44.171340 [debug] [MainThread]: STDERR: "b''"
[0m00:20:44.171625 [info ] [MainThread]:  - git [[32mOK found[0m]

[0m00:20:44.171889 [info ] [MainThread]: Connection test skipped since no profile was found
[0m00:20:44.172153 [info ] [MainThread]: [31m2 checks failed:[0m
[0m00:20:44.172380 [info ] [MainThread]: dbt looked for a profiles.yml file in /Users/romualdchristialtcheutchoua/.dbt/profiles.yml, but did
not find one. For more information on configuring your profile, consult the
documentation:

https://docs.getdbt.com/docs/configure-your-profile


[0m00:20:44.172613 [info ] [MainThread]: Project loading failed for the following reason:
 project path </Users/romualdchristialtcheutchoua/Data-Engineering/my_dbt_project/dbt_project.yml> not found

[0m00:20:44.175128 [debug] [MainThread]: Resource report: {"command_name": "debug", "command_wall_clock_time": 0.11902629, "process_user_time": 1.251611, "process_kernel_time": 0.131535, "process_mem_max_rss": "91758592", "command_success": false, "process_in_blocks": "0", "process_out_blocks": "0"}
[0m00:20:44.175859 [debug] [MainThread]: Command `dbt debug` failed at 00:20:44.175605 after 0.12 seconds
[0m00:20:44.176273 [debug] [MainThread]: Sending event: {'category': 'dbt', 'action': 'invocation', 'label': 'end', 'context': [<snowplow_tracker.self_describing_json.SelfDescribingJson object at 0x7f84b9622be0>, <snowplow_tracker.self_describing_json.SelfDescribingJson object at 0x7f84ba942cd0>, <snowplow_tracker.self_describing_json.SelfDescribingJson object at 0x7f84ba9530a0>]}
[0m00:20:44.176626 [debug] [MainThread]: Flushing usage events
